# JRE version: Java(TM) SE Runtime Environment (9.0+11) (build 9.0.4+11)
# Java VM: Java HotSpot(TM) 64-Bit Server VM (9.0.4+11, mixed mode, tiered, compressed oops, g1 gc, windows-amd64)
Heap:
 garbage-first heap   total 624640K, used 516457K [0x00000005c5800000, 0x00000005c5a00988, 0x00000007c0000000)
  region size 2048K, 10 young (20480K), 2 survivors (4096K)
 Metaspace       used 30034K, capacity 33180K, committed 33408K, reserved 1079296K
  class space    used 3928K, capacity 4426K, committed 4480K, reserved 1048576K
GC Heap History (10 events):
Event: 20.329 GC heap before
{Heap before GC invocations=7 (full 0):
 garbage-first heap   total 520192K, used 328752K [0x00000005c5800000, 0x00000005c5a007f0, 0x00000007c0000000)
  region size 2048K, 30 young (61440K), 4 survivors (8192K)
 Metaspace       used 29994K, capacity 33180K, committed 33408K, reserved 1079296K
  class space    used 3926K, capacity 4426K, committed 4480K, reserved 1048576K
}
Event: 20.428 GC heap after
{Heap after GC invocations=8 (full 0):
 garbage-first heap   total 624640K, used 328616K [0x00000005c5800000, 0x00000005c5a00988, 0x00000007c0000000)
  region size 2048K, 4 young (8192K), 4 survivors (8192K)
 Metaspace       used 29994K, capacity 33180K, committed 33408K, reserved 1079296K
  class space    used 3926K, capacity 4426K, committed 4480K, reserved 1048576K
}
Event: 20.689 GC heap before
{Heap before GC invocations=9 (full 0):
 garbage-first heap   total 624640K, used 388008K [0x00000005c5800000, 0x00000005c5a00988, 0x00000007c0000000)
  region size 2048K, 33 young (67584K), 4 survivors (8192K)
 Metaspace       used 29994K, capacity 33180K, committed 33408K, reserved 1079296K
  class space    used 3926K, capacity 4426K, committed 4480K, reserved 1048576K
}
Event: 20.800 GC heap after
{Heap after GC invocations=10 (full 0):
 garbage-first heap   total 624640K, used 387807K [0x00000005c5800000, 0x00000005c5a00988, 0x00000007c0000000)
  region size 2048K, 5 young (10240K), 5 survivors (10240K)
 Metaspace       used 29994K, capacity 33180K, committed 33408K, reserved 1079296K
  class space    used 3926K, capacity 4426K, committed 4480K, reserved 1048576K
}
Event: 20.983 GC heap before
{Heap before GC invocations=10 (full 0):
 garbage-first heap   total 624640K, used 441055K [0x00000005c5800000, 0x00000005c5a00988, 0x00000007c0000000)
  region size 2048K, 31 young (63488K), 5 survivors (10240K)
 Metaspace       used 29994K, capacity 33180K, committed 33408K, reserved 1079296K
  class space    used 3926K, capacity 4426K, committed 4480K, reserved 1048576K
}
Event: 21.067 GC heap after
{Heap after GC invocations=11 (full 0):
 garbage-first heap   total 624640K, used 440958K [0x00000005c5800000, 0x00000005c5a00988, 0x00000007c0000000)
  region size 2048K, 4 young (8192K), 4 survivors (8192K)
 Metaspace       used 29994K, capacity 33180K, committed 33408K, reserved 1079296K
  class space    used 3926K, capacity 4426K, committed 4480K, reserved 1048576K
}
Event: 21.228 GC heap before
{Heap before GC invocations=12 (full 0):
 garbage-first heap   total 624640K, used 477822K [0x00000005c5800000, 0x00000005c5a00988, 0x00000007c0000000)
  region size 2048K, 22 young (45056K), 4 survivors (8192K)
 Metaspace       used 29994K, capacity 33180K, committed 33408K, reserved 1079296K
  class space    used 3926K, capacity 4426K, committed 4480K, reserved 1048576K
}
Event: 21.251 GC heap after
{Heap after GC invocations=13 (full 0):
 garbage-first heap   total 624640K, used 477686K [0x00000005c5800000, 0x00000005c5a00988, 0x00000007c0000000)
  region size 2048K, 3 young (6144K), 3 survivors (6144K)
 Metaspace       used 29994K, capacity 33180K, committed 33408K, reserved 1079296K
  class space    used 3926K, capacity 4426K, committed 4480K, reserved 1048576K
}
Event: 21.327 GC heap before
{Heap before GC invocations=13 (full 0):
 garbage-first heap   total 624640K, used 502262K [0x00000005c5800000, 0x00000005c5a00988, 0x00000007c0000000)
  region size 2048K, 15 young (30720K), 3 survivors (6144K)
 Metaspace       used 29994K, capacity 33180K, committed 33408K, reserved 1079296K
  class space    used 3926K, capacity 4426K, committed 4480K, reserved 1048576K
}
Event: 21.339 GC heap after
{Heap after GC invocations=14 (full 0):
 garbage-first heap   total 624640K, used 502121K [0x00000005c5800000, 0x00000005c5a00988, 0x00000007c0000000)
  region size 2048K, 2 young (4096K), 2 survivors (4096K)
 Metaspace       used 29994K, capacity 33180K, committed 33408K, reserved 1079296K
  class space    used 3926K, capacity 4426K, committed 4480K, reserved 1048576K
}

